
> toilet-monitoring@1.0.0 type-check
> tsc --noEmit

src/app/api/check/template/routes.ts(50,54): error TS2339: Property 'components' does not exist on type 'string | number | boolean | { [key: string]: Json | undefined; } | Json[]'.
  Property 'components' does not exist on type 'string'.
src/app/api/check/template/routes.ts(51,52): error TS2339: Property 'components' does not exist on type 'string | number | boolean | { [key: string]: Json | undefined; } | Json[]'.
  Property 'components' does not exist on type 'string'.
src/app/api/check/template/routes.ts(60,38): error TS2339: Property 'components' does not exist on type 'string | number | boolean | { [key: string]: Json | undefined; } | Json[]'.
  Property 'components' does not exist on type 'string'.
src/app/api/check/template/routes.ts(67,38): error TS2339: Property 'components' does not exist on type 'string | number | boolean | { [key: string]: Json | undefined; } | Json[]'.
  Property 'components' does not exist on type 'string'.
src/app/api/check/template/routes.ts(131,10): error TS2769: No overload matches this call.
  Overload 1 of 2, '(values: { created_at?: string | null | undefined; created_by?: string | null | undefined; description?: string | null | undefined; estimated_time?: number | null | undefined; fields: Json; ... 4 more ...; updated_at?: string | ... 1 more ... | undefined; }, options?: { ...; } | undefined): PostgrestFilterBuilder<...>', gave the following error.
    Type '{ components: InspectionComponent[]; }' is not assignable to type 'Json'.
      Types of property 'components' are incompatible.
        Type 'InspectionComponent[]' is not assignable to type 'Json | undefined'.
          Type 'InspectionComponent[]' is not assignable to type 'Json[]'.
            Type 'InspectionComponent' is not assignable to type 'Json'.
              Type 'InspectionComponent' is not assignable to type '{ [key: string]: Json | undefined; }'.
                Index signature for type 'string' is missing in type 'InspectionComponent'.
  Overload 2 of 2, '(values: { created_at?: string | null | undefined; created_by?: string | null | undefined; description?: string | null | undefined; estimated_time?: number | null | undefined; fields: Json; ... 4 more ...; updated_at?: string | ... 1 more ... | undefined; }[], options?: { ...; } | undefined): PostgrestFilterBuilder<...>', gave the following error.
    Object literal may only specify known properties, and 'name' does not exist in type '{ created_at?: string | null | undefined; created_by?: string | null | undefined; description?: string | null | undefined; estimated_time?: number | null | undefined; fields: Json; ... 4 more ...; updated_at?: string | ... 1 more ... | undefined; }[]'.
src/app/api/inspections/route.ts(66,9): error TS2769: No overload matches this call.
  Overload 1 of 2, '(values: { duration_seconds?: number | null | undefined; id?: string | undefined; inspection_date: string; inspection_time: string; location_id: string; notes?: string | null | undefined; overall_status: string; ... 7 more ...; verified_by?: string | ... 1 more ... | undefined; }, options?: { ...; } | undefined): PostgrestFilterBuilder<...>', gave the following error.
    Type 'string | undefined' is not assignable to type 'string'.
      Type 'undefined' is not assignable to type 'string'.
  Overload 2 of 2, '(values: { duration_seconds?: number | null | undefined; id?: string | undefined; inspection_date: string; inspection_time: string; location_id: string; notes?: string | null | undefined; overall_status: string; ... 7 more ...; verified_by?: string | ... 1 more ... | undefined; }[], options?: { ...; } | undefined): PostgrestFilterBuilder<...>', gave the following error.
    Object literal may only specify known properties, and 'template_id' does not exist in type '{ duration_seconds?: number | null | undefined; id?: string | undefined; inspection_date: string; inspection_time: string; location_id: string; notes?: string | null | undefined; overall_status: string; ... 7 more ...; verified_by?: string | ... 1 more ... | undefined; }[]'.
src/app/api/seed/template/route.ts(33,8): error TS2769: No overload matches this call.
  Overload 1 of 2, '(values: { created_at?: string | null | undefined; created_by?: string | null | undefined; description?: string | null | undefined; estimated_time?: number | null | undefined; fields: Json; ... 4 more ...; updated_at?: string | ... 1 more ... | undefined; }, options?: { ...; } | undefined): PostgrestFilterBuilder<...>', gave the following error.
    Type '{ components: InspectionComponent[]; }' is not assignable to type 'Json'.
      Types of property 'components' are incompatible.
        Type 'InspectionComponent[]' is not assignable to type 'Json | undefined'.
          Type 'InspectionComponent[]' is not assignable to type 'Json[]'.
            Type 'InspectionComponent' is not assignable to type 'Json'.
              Type 'InspectionComponent' is not assignable to type '{ [key: string]: Json | undefined; }'.
                Index signature for type 'string' is missing in type 'InspectionComponent'.
  Overload 2 of 2, '(values: { created_at?: string | null | undefined; created_by?: string | null | undefined; description?: string | null | undefined; estimated_time?: number | null | undefined; fields: Json; ... 4 more ...; updated_at?: string | ... 1 more ... | undefined; }[], options?: { ...; } | undefined): PostgrestFilterBuilder<...>', gave the following error.
    Object literal may only specify known properties, and 'name' does not exist in type '{ created_at?: string | null | undefined; created_by?: string | null | undefined; description?: string | null | undefined; estimated_time?: number | null | undefined; fields: Json; ... 4 more ...; updated_at?: string | ... 1 more ... | undefined; }[]'.
src/app/dashboard/inspection/success/page.tsx(248,47): error TS18047: 'inspection' is possibly 'null'.
src/app/dashboard/inspection/success/page.tsx(260,24): error TS18047: 'inspection' is possibly 'null'.
src/app/dashboard/inspection/success/page.tsx(263,34): error TS18047: 'inspection' is possibly 'null'.
src/app/dashboard/layout.tsx(15,26): error TS2339: Property 'signOut' does not exist on type 'AuthContextType'.
src/app/dashboard/layout.tsx(63,50): error TS2339: Property 'fullName' does not exist on type 'User'.
src/app/dashboard/layout.tsx(74,25): error TS2339: Property 'fullName' does not exist on type 'User'.
src/app/dashboard/layout.tsx(77,56): error TS2339: Property 'fullName' does not exist on type 'User'.
src/app/dashboard/locations/print-qr/page.tsx(48,13): error TS2345: Argument of type '() => () => HTMLStyleElement' is not assignable to parameter of type 'EffectCallback'.
  Type '() => HTMLStyleElement' is not assignable to type 'void | Destructor'.
    Type '() => HTMLStyleElement' is not assignable to type 'Destructor'.
      Type 'HTMLStyleElement' is not assignable to type 'void | { [UNDEFINED_VOID_ONLY]: never; }'.
src/app/seed/page.tsx(102,10): error TS2769: No overload matches this call.
  Overload 1 of 2, '(values: { created_at?: string | null | undefined; created_by?: string | null | undefined; description?: string | null | undefined; estimated_time?: number | null | undefined; fields: Json; ... 4 more ...; updated_at?: string | ... 1 more ... | undefined; }, options?: { ...; } | undefined): PostgrestFilterBuilder<...>', gave the following error.
    Type '{ components: InspectionComponent[]; }' is not assignable to type 'Json'.
      Types of property 'components' are incompatible.
        Type 'InspectionComponent[]' is not assignable to type 'Json | undefined'.
          Type 'InspectionComponent[]' is not assignable to type 'Json[]'.
            Type 'InspectionComponent' is not assignable to type 'Json'.
              Type 'InspectionComponent' is not assignable to type '{ [key: string]: Json | undefined; }'.
                Index signature for type 'string' is missing in type 'InspectionComponent'.
  Overload 2 of 2, '(values: { created_at?: string | null | undefined; created_by?: string | null | undefined; description?: string | null | undefined; estimated_time?: number | null | undefined; fields: Json; ... 4 more ...; updated_at?: string | ... 1 more ... | undefined; }[], options?: { ...; } | undefined): PostgrestFilterBuilder<...>', gave the following error.
    Object literal may only specify known properties, and 'name' does not exist in type '{ created_at?: string | null | undefined; created_by?: string | null | undefined; description?: string | null | undefined; estimated_time?: number | null | undefined; fields: Json; ... 4 more ...; updated_at?: string | ... 1 more ... | undefined; }[]'.
src/core/repositories/IInspectionRepository.ts(3,10): error TS2305: Module '"@/core/entities/Inspection"' has no exported member 'InspectionEntity'.
src/core/repositories/IInspectionRepository.ts(4,41): error TS2307: Cannot find module '@/core/use-cases/GetInspectionHistory' or its corresponding type declarations.
src/core/use-cases/UploadPhoto.ts(31,71): error TS2345: Argument of type '{ locationId: string; userId: string; timestamp: string; gps?: { latitude: number; longitude: number; } | undefined; }' is not assignable to parameter of type 'PhotoMetadata'.
  Types of property 'gps' are incompatible.
    Type '{ latitude: number; longitude: number; } | undefined' is not assignable to type '{ latitude: number; longitude: number; accuracy: number; } | undefined'.
      Property 'accuracy' is missing in type '{ latitude: number; longitude: number; }' but required in type '{ latitude: number; longitude: number; accuracy: number; }'.
src/infrastructure/database/repositories/InspectionTemplateRepository.ts(2,26): error TS2307: Cannot find module '../database/supabase' or its corresponding type declarations.
src/infrastructure/database/repositories/SupabaseLocationRepository.ts(12,8): error TS2769: No overload matches this call.
  Overload 1 of 2, '(values: { area?: string | null | undefined; building?: string | null | undefined; code?: string | null | undefined; coordinates?: Json | undefined; created_at?: string | null | undefined; ... 9 more ...; updated_at?: string | ... 1 more ... | undefined; }, options?: { ...; } | undefined): PostgrestFilterBuilder<...>', gave the following error.
    Type 'string | undefined' is not assignable to type 'string'.
      Type 'undefined' is not assignable to type 'string'.
  Overload 2 of 2, '(values: { area?: string | null | undefined; building?: string | null | undefined; code?: string | null | undefined; coordinates?: Json | undefined; created_at?: string | null | undefined; ... 9 more ...; updated_at?: string | ... 1 more ... | undefined; }[], options?: { ...; } | undefined): PostgrestFilterBuilder<...>', gave the following error.
    Object literal may only specify known properties, and 'name' does not exist in type '{ area?: string | null | undefined; building?: string | null | undefined; code?: string | null | undefined; coordinates?: Json | undefined; created_at?: string | null | undefined; ... 9 more ...; updated_at?: string | ... 1 more ... | undefined; }[]'.
src/infrastructure/database/repositories/SupabaseLocationRepository.ts(29,5): error TS2322: Type '{ area: string | null; building: string | null; code: string | null; coordinates: Json; created_at: string | null; created_by: string | null; description: string | null; floor: string | null; ... 6 more ...; updated_at: string | null; }' is not assignable to type 'Location'.
  Types of property 'coordinates' are incompatible.
    Type 'Json' is not assignable to type '{ lat: number; lng: number; } | null'.
      Type 'string' is not assignable to type '{ lat: number; lng: number; }'.
src/infrastructure/database/repositories/SupabaseLocationRepository.ts(40,5): error TS2322: Type '{ area: string | null; building: string | null; code: string | null; coordinates: Json; created_at: string | null; created_by: string | null; description: string | null; floor: string | null; ... 6 more ...; updated_at: string | null; }' is not assignable to type 'Location'.
  Types of property 'coordinates' are incompatible.
    Type 'Json' is not assignable to type '{ lat: number; lng: number; } | null'.
      Type 'string' is not assignable to type '{ lat: number; lng: number; }'.
src/infrastructure/database/repositories/SupabaseLocationRepository.ts(60,5): error TS2322: Type '{ area: string | null; building: string | null; code: string | null; coordinates: Json; created_at: string | null; created_by: string | null; description: string | null; floor: string | null; ... 6 more ...; updated_at: string | null; }[]' is not assignable to type 'Location[]'.
  Type '{ area: string | null; building: string | null; code: string | null; coordinates: Json; created_at: string | null; created_by: string | null; description: string | null; floor: string | null; ... 6 more ...; updated_at: string | null; }' is not assignable to type 'Location'.
    Types of property 'coordinates' are incompatible.
      Type 'Json' is not assignable to type '{ lat: number; lng: number; } | null'.
        Type 'string' is not assignable to type '{ lat: number; lng: number; }'.
src/infrastructure/database/repositories/SupabaseLocationRepository.ts(80,5): error TS2322: Type '{ area: string | null; building: string | null; code: string | null; coordinates: Json; created_at: string | null; created_by: string | null; description: string | null; floor: string | null; ... 6 more ...; updated_at: string | null; }' is not assignable to type 'Location'.
  Types of property 'coordinates' are incompatible.
    Type 'Json' is not assignable to type '{ lat: number; lng: number; } | null'.
      Type 'string' is not assignable to type '{ lat: number; lng: number; }'.
src/infrastructure/database/repositories/SupabaseLocationRepository.ts(97,5): error TS2322: Type '{ area: string | null; building: string | null; code: string | null; coordinates: Json; created_at: string | null; created_by: string | null; description: string | null; floor: string | null; ... 6 more ...; updated_at: string | null; }[]' is not assignable to type 'Location[]'.
  Type '{ area: string | null; building: string | null; code: string | null; coordinates: Json; created_at: string | null; created_by: string | null; description: string | null; floor: string | null; ... 6 more ...; updated_at: string | null; }' is not assignable to type 'Location'.
    Types of property 'coordinates' are incompatible.
      Type 'Json' is not assignable to type '{ lat: number; lng: number; } | null'.
        Type 'string' is not assignable to type '{ lat: number; lng: number; }'.
src/infrastructure/database/repositories/SupabaseLocationRepository.ts(108,5): error TS2322: Type '{ area: string | null; building: string | null; code: string | null; coordinates: Json; created_at: string | null; created_by: string | null; description: string | null; floor: string | null; ... 6 more ...; updated_at: string | null; }[]' is not assignable to type 'Location[]'.
  Type '{ area: string | null; building: string | null; code: string | null; coordinates: Json; created_at: string | null; created_by: string | null; description: string | null; floor: string | null; ... 6 more ...; updated_at: string | null; }' is not assignable to type 'Location'.
    Types of property 'coordinates' are incompatible.
      Type 'Json' is not assignable to type '{ lat: number; lng: number; } | null'.
        Type 'string' is not assignable to type '{ lat: number; lng: number; }'.
src/infrastructure/database/repositories/SupabaseLocationRepository.ts(119,5): error TS2322: Type '{ area: string | null; building: string | null; code: string | null; coordinates: Json; created_at: string | null; created_by: string | null; description: string | null; floor: string | null; ... 6 more ...; updated_at: string | null; }[]' is not assignable to type 'Location[]'.
  Type '{ area: string | null; building: string | null; code: string | null; coordinates: Json; created_at: string | null; created_by: string | null; description: string | null; floor: string | null; ... 6 more ...; updated_at: string | null; }' is not assignable to type 'Location'.
    Types of property 'coordinates' are incompatible.
      Type 'Json' is not assignable to type '{ lat: number; lng: number; } | null'.
        Type 'string' is not assignable to type '{ lat: number; lng: number; }'.
src/infrastructure/database/repositories/SupabaseLocationRepository.ts(130,5): error TS2322: Type '{ area: string | null; building: string | null; code: string | null; coordinates: Json; created_at: string | null; created_by: string | null; description: string | null; floor: string | null; ... 6 more ...; updated_at: string | null; }[]' is not assignable to type 'Location[]'.
  Type '{ area: string | null; building: string | null; code: string | null; coordinates: Json; created_at: string | null; created_by: string | null; description: string | null; floor: string | null; ... 6 more ...; updated_at: string | null; }' is not assignable to type 'Location'.
    Types of property 'coordinates' are incompatible.
      Type 'Json' is not assignable to type '{ lat: number; lng: number; } | null'.
        Type 'string' is not assignable to type '{ lat: number; lng: number; }'.
src/infrastructure/database/repositories/SupabaseUserRepository.ts(169,27): error TS2339: Property 'phone' does not exist on type 'Partial<User>'.
src/infrastructure/database/repositories/SupabaseUserRepository.ts(195,31): error TS2339: Property 'ADMIN' does not exist on type 'typeof UserRole'.
src/infrastructure/database/repositories/SupabaseUserRepository.ts(196,22): error TS2339: Property 'ADMIN' does not exist on type 'typeof UserRole'.
src/infrastructure/database/repositories/SupabaseUserRepository.ts(197,25): error TS2339: Property 'ADMIN' does not exist on type 'typeof UserRole'.
src/infrastructure/database/repositories/SupabaseUserRepository.ts(198,30): error TS2339: Property 'SUPERVISOR' does not exist on type 'typeof UserRole'.
src/infrastructure/database/repositories/SupabaseUserRepository.ts(199,31): error TS2339: Property 'TEAM_LEADER' does not exist on type 'typeof UserRole'.
src/infrastructure/database/repositories/SupabaseUserRepository.ts(205,18): error TS7053: Element implicitly has an 'any' type because expression of type 'any' can't be used to index type '{ super_admin: any; gm: any; admin: any; supervisor: any; team_leader: any; cleaner: UserRole; }'.
src/infrastructure/services/inspection.service.ts(39,10): error TS2769: No overload matches this call.
  Overload 1 of 2, '(values: { duration_seconds?: number | null | undefined; id?: string | undefined; inspection_date: string; inspection_time: string; location_id: string; notes?: string | null | undefined; overall_status: string; ... 7 more ...; verified_by?: string | ... 1 more ... | undefined; }, options?: { ...; } | undefined): PostgrestFilterBuilder<...>', gave the following error.
    Type 'Record<string, ComponentResponse>' is not assignable to type 'Json'.
      Type 'Record<string, ComponentResponse>' is missing the following properties from type 'Json[]': length, pop, push, concat, and 29 more.
  Overload 2 of 2, '(values: { duration_seconds?: number | null | undefined; id?: string | undefined; inspection_date: string; inspection_time: string; location_id: string; notes?: string | null | undefined; overall_status: string; ... 7 more ...; verified_by?: string | ... 1 more ... | undefined; }[], options?: { ...; } | undefined): PostgrestFilterBuilder<...>', gave the following error.
    Object literal may only specify known properties, and 'template_id' does not exist in type '{ duration_seconds?: number | null | undefined; id?: string | undefined; inspection_date: string; inspection_time: string; location_id: string; notes?: string | null | undefined; overall_status: string; ... 7 more ...; verified_by?: string | ... 1 more ... | undefined; }[]'.
src/infrastructure/services/inspection.service.ts(92,15): error TS2352: Conversion of type '{ duration_seconds: number | null; id: string; inspection_date: string; inspection_time: string; location_id: string; notes: string | null; overall_status: string; photo_urls: string[] | null; ... 6 more ...; verified_by: string | null; }' to type 'InspectionRecord' may be a mistake because neither type sufficiently overlaps with the other. If this was intentional, convert the expression to 'unknown' first.
  Types of property 'responses' are incompatible.
    Type 'Json' is not comparable to type 'Record<string, ComponentResponse>'.
      Type 'Json[]' is not comparable to type 'Record<string, ComponentResponse>'.
        Index signature for type 'string' is missing in type 'Json[]'.
src/infrastructure/services/inspection.service.ts(118,14): error TS2352: Conversion of type '{ duration_seconds: number | null; id: string; inspection_date: string; inspection_time: string; location_id: string; notes: string | null; overall_status: string; photo_urls: string[] | null; ... 6 more ...; verified_by: string | null; }' to type 'InspectionRecord' may be a mistake because neither type sufficiently overlaps with the other. If this was intentional, convert the expression to 'unknown' first.
  Types of property 'responses' are incompatible.
    Type 'Json' is not comparable to type 'Record<string, ComponentResponse>'.
      Type 'Json[]' is not comparable to type 'Record<string, ComponentResponse>'.
        Index signature for type 'string' is missing in type 'Json[]'.
src/infrastructure/services/inspection.service.ts(143,15): error TS2352: Conversion of type '{ duration_seconds: number | null; id: string; inspection_date: string; inspection_time: string; location_id: string; notes: string | null; overall_status: string; photo_urls: string[] | null; ... 6 more ...; verified_by: string | null; }[]' to type 'InspectionRecord[]' may be a mistake because neither type sufficiently overlaps with the other. If this was intentional, convert the expression to 'unknown' first.
  Type '{ duration_seconds: number | null; id: string; inspection_date: string; inspection_time: string; location_id: string; notes: string | null; overall_status: string; photo_urls: string[] | null; ... 6 more ...; verified_by: string | null; }' is not comparable to type 'InspectionRecord'.
    Types of property 'responses' are incompatible.
      Type 'Json' is not comparable to type 'Record<string, ComponentResponse>'.
        Type 'Json[]' is not comparable to type 'Record<string, ComponentResponse>'.
          Index signature for type 'string' is missing in type 'Json[]'.
src/infrastructure/services/inspection.service.ts(165,15): error TS2352: Conversion of type '{ duration_seconds: number | null; id: string; inspection_date: string; inspection_time: string; location_id: string; notes: string | null; overall_status: string; photo_urls: string[] | null; ... 6 more ...; verified_by: string | null; }[]' to type 'InspectionRecord[]' may be a mistake because neither type sufficiently overlaps with the other. If this was intentional, convert the expression to 'unknown' first.
  Type '{ duration_seconds: number | null; id: string; inspection_date: string; inspection_time: string; location_id: string; notes: string | null; overall_status: string; photo_urls: string[] | null; ... 6 more ...; verified_by: string | null; }' is not comparable to type 'InspectionRecord'.
    Types of property 'responses' are incompatible.
      Type 'Json' is not comparable to type 'Record<string, ComponentResponse>'.
        Type 'Json[]' is not comparable to type 'Record<string, ComponentResponse>'.
          Index signature for type 'string' is missing in type 'Json[]'.
src/infrastructure/services/inspection.service.ts(269,24): error TS2352: Conversion of type '{ duration_seconds: number | null; id: string; inspection_date: string; inspection_time: string; location_id: string; notes: string | null; overall_status: string; photo_urls: string[] | null; ... 6 more ...; verified_by: string | null; }[]' to type 'InspectionRecord[]' may be a mistake because neither type sufficiently overlaps with the other. If this was intentional, convert the expression to 'unknown' first.
  Type '{ duration_seconds: number | null; id: string; inspection_date: string; inspection_time: string; location_id: string; notes: string | null; overall_status: string; photo_urls: string[] | null; ... 6 more ...; verified_by: string | null; }' is not comparable to type 'InspectionRecord'.
    Types of property 'responses' are incompatible.
      Type 'Json' is not comparable to type 'Record<string, ComponentResponse>'.
        Type 'Json[]' is not comparable to type 'Record<string, ComponentResponse>'.
          Index signature for type 'string' is missing in type 'Json[]'.
src/infrastructure/services/location.service.ts(24,14): error TS2352: Conversion of type '{ area: string | null; building: string | null; code: string | null; coordinates: Json; created_at: string | null; created_by: string | null; description: string | null; floor: string | null; ... 6 more ...; updated_at: string | null; }' to type 'LocationData' may be a mistake because neither type sufficiently overlaps with the other. If this was intentional, convert the expression to 'unknown' first.
  Property 'address' is missing in type '{ area: string | null; building: string | null; code: string | null; coordinates: Json; created_at: string | null; created_by: string | null; description: string | null; floor: string | null; ... 6 more ...; updated_at: string | null; }' but required in type 'LocationData'.
src/infrastructure/services/location.service.ts(51,14): error TS2352: Conversion of type '{ area: string | null; building: string | null; code: string | null; coordinates: Json; created_at: string | null; created_by: string | null; description: string | null; floor: string | null; ... 6 more ...; updated_at: string | null; }' to type 'LocationData' may be a mistake because neither type sufficiently overlaps with the other. If this was intentional, convert the expression to 'unknown' first.
  Property 'address' is missing in type '{ area: string | null; building: string | null; code: string | null; coordinates: Json; created_at: string | null; created_by: string | null; description: string | null; floor: string | null; ... 6 more ...; updated_at: string | null; }' but required in type 'LocationData'.
src/infrastructure/services/location.service.ts(72,15): error TS2352: Conversion of type '{ area: string | null; building: string | null; code: string | null; coordinates: Json; created_at: string | null; created_by: string | null; description: string | null; floor: string | null; ... 6 more ...; updated_at: string | null; }[]' to type 'LocationData[]' may be a mistake because neither type sufficiently overlaps with the other. If this was intentional, convert the expression to 'unknown' first.
  Property 'address' is missing in type '{ area: string | null; building: string | null; code: string | null; coordinates: Json; created_at: string | null; created_by: string | null; description: string | null; floor: string | null; ... 6 more ...; updated_at: string | null; }' but required in type 'LocationData'.
src/infrastructure/services/location.service.ts(95,15): error TS2352: Conversion of type '{ area: string | null; building: string | null; code: string | null; coordinates: Json; created_at: string | null; created_by: string | null; description: string | null; floor: string | null; ... 6 more ...; updated_at: string | null; }[]' to type 'LocationData[]' may be a mistake because neither type sufficiently overlaps with the other. If this was intentional, convert the expression to 'unknown' first.
  Property 'address' is missing in type '{ area: string | null; building: string | null; code: string | null; coordinates: Json; created_at: string | null; created_by: string | null; description: string | null; floor: string | null; ... 6 more ...; updated_at: string | null; }' but required in type 'LocationData'.
src/infrastructure/services/location.service.ts(110,10): error TS2769: No overload matches this call.
  Overload 1 of 2, '(values: { area?: string | null | undefined; building?: string | null | undefined; code?: string | null | undefined; coordinates?: Json | undefined; created_at?: string | null | undefined; ... 9 more ...; updated_at?: string | ... 1 more ... | undefined; }, options?: { ...; } | undefined): PostgrestFilterBuilder<...>', gave the following error.
    Type 'string | null' is not assignable to type 'string'.
      Type 'null' is not assignable to type 'string'.
  Overload 2 of 2, '(values: { area?: string | null | undefined; building?: string | null | undefined; code?: string | null | undefined; coordinates?: Json | undefined; created_at?: string | null | undefined; ... 9 more ...; updated_at?: string | ... 1 more ... | undefined; }[], options?: { ...; } | undefined): PostgrestFilterBuilder<...>', gave the following error.
    Object literal may only specify known properties, and 'name' does not exist in type '{ area?: string | null | undefined; building?: string | null | undefined; code?: string | null | undefined; coordinates?: Json | undefined; created_at?: string | null | undefined; ... 9 more ...; updated_at?: string | ... 1 more ... | undefined; }[]'.
src/infrastructure/services/location.service.ts(125,14): error TS2352: Conversion of type '{ area: string | null; building: string | null; code: string | null; coordinates: Json; created_at: string | null; created_by: string | null; description: string | null; floor: string | null; ... 6 more ...; updated_at: string | null; }' to type 'LocationData' may be a mistake because neither type sufficiently overlaps with the other. If this was intentional, convert the expression to 'unknown' first.
  Property 'address' is missing in type '{ area: string | null; building: string | null; code: string | null; coordinates: Json; created_at: string | null; created_by: string | null; description: string | null; floor: string | null; ... 6 more ...; updated_at: string | null; }' but required in type 'LocationData'.
src/infrastructure/services/location.service.ts(184,15): error TS2352: Conversion of type '{ area: string | null; building: string | null; code: string | null; coordinates: Json; created_at: string | null; created_by: string | null; description: string | null; floor: string | null; ... 6 more ...; updated_at: string | null; }[]' to type 'LocationData[]' may be a mistake because neither type sufficiently overlaps with the other. If this was intentional, convert the expression to 'unknown' first.
  Property 'address' is missing in type '{ area: string | null; building: string | null; code: string | null; coordinates: Json; created_at: string | null; created_by: string | null; description: string | null; floor: string | null; ... 6 more ...; updated_at: string | null; }' but required in type 'LocationData'.
src/infrastructure/services/location.service.ts(230,39): error TS2769: No overload matches this call.
  Overload 1 of 2, '(o: { [s: string]: string | number | boolean | { [key: string]: Json | undefined; } | Json[] | null | undefined; } | ArrayLike<string | number | boolean | { [key: string]: Json | undefined; } | Json[] | null | undefined>): (string | ... 5 more ... | undefined)[]', gave the following error.
    Argument of type 'Json' is not assignable to parameter of type '{ [s: string]: string | number | boolean | { [key: string]: Json | undefined; } | Json[] | null | undefined; } | ArrayLike<string | number | boolean | { [key: string]: Json | undefined; } | Json[] | null | undefined>'.
      Type 'null' is not assignable to type '{ [s: string]: string | number | boolean | { [key: string]: Json | undefined; } | Json[] | null | undefined; } | ArrayLike<string | number | boolean | { [key: string]: Json | undefined; } | Json[] | null | undefined>'.
  Overload 2 of 2, '(o: {}): any[]', gave the following error.
    Argument of type 'Json' is not assignable to parameter of type '{}'.
      Type 'null' is not assignable to type '{}'.
src/infrastructure/services/notification.service.ts(15,13): error TS2552: Cannot find name 'NotificationAction'. Did you mean 'NotificationOptions'?
src/infrastructure/services/notification.service.ts(88,11): error TS2353: Object literal may only specify known properties, and 'actions' does not exist in type 'NotificationOptions'.
src/infrastructure/services/template.service.ts(30,15): error TS2352: Conversion of type '{ created_at: string | null; created_by: string | null; description: string | null; estimated_time: number | null; fields: Json; id: string; is_active: boolean | null; is_default: boolean | null; name: string; updated_at: string | null; }[]' to type 'InspectionTemplate[]' may be a mistake because neither type sufficiently overlaps with the other. If this was intentional, convert the expression to 'unknown' first.
  Type '{ created_at: string | null; created_by: string | null; description: string | null; estimated_time: number | null; fields: Json; id: string; is_active: boolean | null; is_default: boolean | null; name: string; updated_at: string | null; }' is not comparable to type 'InspectionTemplate'.
    Types of property 'fields' are incompatible.
      Type 'Json' is not comparable to type '{ components: InspectionComponent[]; }'.
        Property 'components' is missing in type 'Json[]' but required in type '{ components: InspectionComponent[]; }'.
src/infrastructure/services/template.service.ts(56,14): error TS2352: Conversion of type '{ created_at: string | null; created_by: string | null; description: string | null; estimated_time: number | null; fields: Json; id: string; is_active: boolean | null; is_default: boolean | null; name: string; updated_at: string | null; }' to type 'InspectionTemplate' may be a mistake because neither type sufficiently overlaps with the other. If this was intentional, convert the expression to 'unknown' first.
  Types of property 'fields' are incompatible.
    Type 'Json' is not comparable to type '{ components: InspectionComponent[]; }'.
      Property 'components' is missing in type 'Json[]' but required in type '{ components: InspectionComponent[]; }'.
src/infrastructure/services/template.service.ts(77,14): error TS2352: Conversion of type '{ created_at: string | null; created_by: string | null; description: string | null; estimated_time: number | null; fields: Json; id: string; is_active: boolean | null; is_default: boolean | null; name: string; updated_at: string | null; }' to type 'InspectionTemplate' may be a mistake because neither type sufficiently overlaps with the other. If this was intentional, convert the expression to 'unknown' first.
  Types of property 'fields' are incompatible.
    Type 'Json' is not comparable to type '{ components: InspectionComponent[]; }'.
      Property 'components' is missing in type 'Json[]' but required in type '{ components: InspectionComponent[]; }'.
src/infrastructure/services/template.service.ts(94,10): error TS2769: No overload matches this call.
  Overload 1 of 2, '(values: { created_at?: string | null | undefined; created_by?: string | null | undefined; description?: string | null | undefined; estimated_time?: number | null | undefined; fields: Json; ... 4 more ...; updated_at?: string | ... 1 more ... | undefined; }, options?: { ...; } | undefined): PostgrestFilterBuilder<...>', gave the following error.
    Type '{ components: InspectionComponent[]; }' is not assignable to type 'Json'.
      Type '{ components: InspectionComponent[]; }' is not assignable to type '{ [key: string]: Json | undefined; }'.
        Property 'components' is incompatible with index signature.
          Type 'InspectionComponent[]' is not assignable to type 'Json | undefined'.
            Type 'InspectionComponent[]' is not assignable to type 'Json[]'.
              Type 'InspectionComponent' is not assignable to type 'Json'.
                Type 'InspectionComponent' is not assignable to type '{ [key: string]: Json | undefined; }'.
                  Index signature for type 'string' is missing in type 'InspectionComponent'.
  Overload 2 of 2, '(values: { created_at?: string | null | undefined; created_by?: string | null | undefined; description?: string | null | undefined; estimated_time?: number | null | undefined; fields: Json; ... 4 more ...; updated_at?: string | ... 1 more ... | undefined; }[], options?: { ...; } | undefined): PostgrestFilterBuilder<...>', gave the following error.
    Object literal may only specify known properties, and 'name' does not exist in type '{ created_at?: string | null | undefined; created_by?: string | null | undefined; description?: string | null | undefined; estimated_time?: number | null | undefined; fields: Json; ... 4 more ...; updated_at?: string | ... 1 more ... | undefined; }[]'.
src/infrastructure/services/template.service.ts(109,14): error TS2352: Conversion of type '{ created_at: string | null; created_by: string | null; description: string | null; estimated_time: number | null; fields: Json; id: string; is_active: boolean | null; is_default: boolean | null; name: string; updated_at: string | null; }' to type 'InspectionTemplate' may be a mistake because neither type sufficiently overlaps with the other. If this was intentional, convert the expression to 'unknown' first.
  Types of property 'fields' are incompatible.
    Type 'Json' is not comparable to type '{ components: InspectionComponent[]; }'.
      Property 'components' is missing in type 'Json[]' but required in type '{ components: InspectionComponent[]; }'.
src/infrastructure/services/template.service.ts(124,17): error TS2345: Argument of type '{ updated_at: string; id?: string | undefined; name?: string | undefined; description?: string | undefined; estimated_time?: number | undefined; is_active?: boolean | undefined; is_default?: boolean | undefined; fields?: { ...; } | undefined; created_by?: string | undefined; created_at?: string | undefined; }' is not assignable to parameter of type '{ created_at?: string | null | undefined; created_by?: string | null | undefined; description?: string | null | undefined; estimated_time?: number | null | undefined; fields?: Json | undefined; ... 4 more ...; updated_at?: string | ... 1 more ... | undefined; }'.
  Types of property 'fields' are incompatible.
    Type '{ components: InspectionComponent[]; } | undefined' is not assignable to type 'Json | undefined'.
      Type '{ components: InspectionComponent[]; }' is not assignable to type 'Json | undefined'.
        Type '{ components: InspectionComponent[]; }' is not assignable to type '{ [key: string]: Json | undefined; }'.
          Property 'components' is incompatible with index signature.
            Type 'InspectionComponent[]' is not assignable to type 'Json | undefined'.
              Type 'InspectionComponent[]' is not assignable to type 'Json[]'.
                Type 'InspectionComponent' is not assignable to type 'Json'.
                  Type 'InspectionComponent' is not assignable to type '{ [key: string]: Json | undefined; }'.
                    Index signature for type 'string' is missing in type 'InspectionComponent'.
src/infrastructure/storage/CloudinaryPhotoRepository.ts(2,49): error TS2307: Cannot find module '../../../../core/repositories/IPhotoRepository' or its corresponding type declarations.
src/lib/seed/seedTemplate.ts(28,8): error TS2769: No overload matches this call.
  Overload 1 of 2, '(values: { created_at?: string | null | undefined; created_by?: string | null | undefined; description?: string | null | undefined; estimated_time?: number | null | undefined; fields: Json; ... 4 more ...; updated_at?: string | ... 1 more ... | undefined; }, options?: { ...; } | undefined): PostgrestFilterBuilder<...>', gave the following error.
    Type '{ components: InspectionComponent[]; }' is not assignable to type 'Json'.
      Types of property 'components' are incompatible.
        Type 'InspectionComponent[]' is not assignable to type 'Json | undefined'.
          Type 'InspectionComponent[]' is not assignable to type 'Json[]'.
            Type 'InspectionComponent' is not assignable to type 'Json'.
              Type 'InspectionComponent' is not assignable to type '{ [key: string]: Json | undefined; }'.
                Index signature for type 'string' is missing in type 'InspectionComponent'.
  Overload 2 of 2, '(values: { created_at?: string | null | undefined; created_by?: string | null | undefined; description?: string | null | undefined; estimated_time?: number | null | undefined; fields: Json; ... 4 more ...; updated_at?: string | ... 1 more ... | undefined; }[], options?: { ...; } | undefined): PostgrestFilterBuilder<...>', gave the following error.
    Object literal may only specify known properties, and 'name' does not exist in type '{ created_at?: string | null | undefined; created_by?: string | null | undefined; description?: string | null | undefined; estimated_time?: number | null | undefined; fields: Json; ... 4 more ...; updated_at?: string | ... 1 more ... | undefined; }[]'.
src/lib/utils/type-helpers.ts(34,10): error TS2352: Conversion of type '{ components: InspectionComponent[]; }' to type 'Json' may be a mistake because neither type sufficiently overlaps with the other. If this was intentional, convert the expression to 'unknown' first.
  Type '{ components: InspectionComponent[]; }' is not comparable to type 'null'.
src/lib/utils/type-helpers.ts(45,10): error TS2352: Conversion of type '{ [key: string]: Json | undefined; }' to type 'Record<string, ComponentResponse>' may be a mistake because neither type sufficiently overlaps with the other. If this was intentional, convert the expression to 'unknown' first.
  'string' index signatures are incompatible.
    Type 'Json | undefined' is not comparable to type 'ComponentResponse'.
      Property 'rating' is missing in type 'Json[]' but required in type 'ComponentResponse'.
src/presentation/components/features/Inspection/InspectionForm.tsx(191,56): error TS2322: Type '(photoId: string) => void' is not assignable to type '() => void'.
  Target signature provides too few arguments. Expected 1 or more, but got 0.
src/presentation/components/features/Inspection/InspectionForm.tsx(210,54): error TS2322: Type '(photoId: string) => void' is not assignable to type '() => void'.
  Target signature provides too few arguments. Expected 1 or more, but got 0.
src/presentation/components/features/Inspection/InspectionFormProfessional.tsx(11,10): error TS2724: '"@/core/types/assessment.types"' has no exported member named 'ASSESSMENT_ITEMS'. Did you mean 'Assessments'?
src/presentation/components/features/Inspection/InspectionFormProfessional.tsx(11,28): error TS2724: '"@/core/types/assessment.types"' has no exported member named 'AssessmentData'. Did you mean 'Assessments'?
src/presentation/components/features/Inspection/InspectionFormProfessional.tsx(29,21): error TS7006: Parameter 'prev' implicitly has an 'any' type.
src/presentation/components/features/Inspection/InspectionFormProfessional.tsx(47,20): error TS7006: Parameter 'item' implicitly has an 'any' type.
src/presentation/components/features/Inspection/InspectionFormProfessional.tsx(141,32): error TS7006: Parameter 'item' implicitly has an 'any' type.
src/presentation/components/features/LocationSelector/LocationSelector.tsx(8,21): error TS2305: Module '"../../../../lib/constants/locations"' has no exported member 'searchLocations'.
src/presentation/components/features/LocationSelector/LocationSelector.tsx(23,74): error TS2345: Argument of type 'Location[]' is not assignable to parameter of type 'Location[] | (() => Location[])'.
  Type 'Location[]' is not assignable to type 'import("/DataPopOS/toilet-monitoring/src/core/types/interfaces").Location[]'.
    Property 'code' is missing in type 'Location' but required in type 'import("/DataPopOS/toilet-monitoring/src/core/types/interfaces").Location'.
src/presentation/components/features/LocationSelector/LocationSelector.tsx(31,28): error TS2345: Argument of type 'Location[]' is not assignable to parameter of type 'SetStateAction<Location[]>'.
  Type 'Location[]' is not assignable to type 'import("/DataPopOS/toilet-monitoring/src/core/types/interfaces").Location[]'.
    Property 'code' is missing in type 'Location' but required in type 'import("/DataPopOS/toilet-monitoring/src/core/types/interfaces").Location'.
src/presentation/components/features/LocationSelector/LocationSelector.tsx(91,15): error TS2322: Type '"selected" | "default"' is not assignable to type '"default" | "elevated" | "outlined" | undefined'.
  Type '"selected"' is not assignable to type '"default" | "elevated" | "outlined" | undefined'.
src/presentation/components/features/LocationSelector/LocationSelector.tsx(94,27): error TS7006: Parameter 'e' implicitly has an 'any' type.
src/presentation/components/features/LocationSelector/LocationSelector.tsx(106,29): error TS2339: Property 'description' does not exist on type 'Location'.
src/presentation/components/features/LocationSelector/LocationSelector.tsx(107,68): error TS2339: Property 'description' does not exist on type 'Location'.
src/presentation/components/features/Reports/InspectionDetailModal.tsx(8,10): error TS2305: Module '"@/core/entities/Inspection"' has no exported member 'InspectionEntity'.
src/presentation/components/features/Reports/InspectionDetailModal.tsx(220,71): error TS2339: Property 'icon' does not exist on type 'AssessmentCategory'.
src/presentation/components/features/ReviewSubmit/ReviewSubmit.tsx(150,34): error TS7053: Element implicitly has an 'any' type because expression of type 'string' can't be used to index type 'Assessments'.
  No index signature with a parameter of type 'string' was found on type 'Assessments'.
src/presentation/components/features/ReviewSubmit/ReviewSubmit.tsx(160,69): error TS2339: Property 'icon' does not exist on type 'AssessmentCategory'.
src/presentation/components/features/index.ts(2,32): error TS2307: Cannot find module './AssessmentForm.backup' or its corresponding type declarations.
src/presentation/components/features/index.ts(4,10): error TS2614: Module '"./PhotoCapture"' has no exported member 'PhotoCapture'. Did you mean to use 'import PhotoCapture from "./PhotoCapture"' instead?
src/presentation/components/layout/Header/Header.tsx(13,17): error TS2339: Property 'signOut' does not exist on type 'AuthContextType'.
src/presentation/components/layout/Header/Header.tsx(28,49): error TS2339: Property 'fullName' does not exist on type 'User'.
src/presentation/hooks/index.tsx(9,38): error TS2307: Cannot find module './useInspectionHistory' or its corresponding type declarations.
